<?xml version="1.0" encoding="UTF-8"?>
<!-- Generated by org.testng.reporters.JUnitXMLReporter -->
<testsuite ignored="0" hostname="RATHINASURYA" failures="0" tests="4" name="chrome-1" time="0.086" errors="0" timestamp="2023-01-10T15:06:01 IST">
  <testcase classname="Practice_package.SampleRunner2" name="sample3" time="0.015"/>
  <testcase classname="Practice_package.SampleRunner2" name="sample4" time="0.005"/>
  <testcase classname="Practice_package.SampleRunner3" name="sample5" time="0.002"/>
  <testcase classname="Practice_package.SampleRunner3" name="sample6" time="0.002"/>
</testsuite> <!-- chrome-1 -->
