<?xml version="1.0" encoding="UTF-8"?>
<!-- Generated by org.testng.reporters.JUnitXMLReporter -->
<testsuite ignored="4" hostname="RATHINASURYA" failures="2" tests="5" name="Test" time="56.772" errors="0" timestamp="2023-01-12T16:28:14 IST">
  <testcase classname="ContactModule.ContactQueriesTest" name="contactQuery" time="5.841"/>
  <testcase classname="AdminModule.ManageDoctorsTest" name="manageDoctor" time="7.083">
    <failure type="java.lang.AssertionError" message="null">
      <![CDATA[java.lang.AssertionError: null
at AdminModule.ManageDoctorsTest.manageDoctor(ManageDoctorsTest.java:51)
at java.base/java.util.ArrayList.forEach(ArrayList.java:1511)
at java.base/java.util.concurrent.FutureTask.run(FutureTask.java:264)
at java.base/java.util.concurrent.ThreadPoolExecutor.runWorker(ThreadPoolExecutor.java:1136)
at java.base/java.util.concurrent.ThreadPoolExecutor$Worker.run(ThreadPoolExecutor.java:635)
at java.base/java.lang.Thread.run(Thread.java:833)
... Removed 18 stack frames]]>
    </failure>
  </testcase> <!-- manageDoctor -->
  <testcase classname="PatientModule.AppointmentHistoryTest" name="appointmentHistory" time="4.871">
    <failure type="java.lang.AssertionError" message="null">
      <![CDATA[java.lang.AssertionError: null
at PatientModule.AppointmentHistoryTest.appointmentHistory(AppointmentHistoryTest.java:59)
at java.base/java.util.ArrayList.forEach(ArrayList.java:1511)
at java.base/java.util.concurrent.FutureTask.run(FutureTask.java:264)
at java.base/java.util.concurrent.ThreadPoolExecutor.runWorker(ThreadPoolExecutor.java:1136)
at java.base/java.util.concurrent.ThreadPoolExecutor$Worker.run(ThreadPoolExecutor.java:635)
at java.base/java.lang.Thread.run(Thread.java:833)
... Removed 18 stack frames]]>
    </failure>
  </testcase> <!-- appointmentHistory -->
  <testcase classname="DoctorModule.AddAndManagePatientTest" name="addAndManagepatient" time="6.935"/>
  <testcase classname="DoctorModule.GenerateReportForPatientTest" name="generatePatientReport" time="7.008"/>
  <testcase classname="com.hms.GenericUtilites.BaseClass" name="@BeforeSuite connectToDB" time="0.0">
    <ignored/>
  </testcase> <!-- @BeforeSuite connectToDB -->
  <testcase classname="com.hms.GenericUtilites.BaseClass" name="@BeforeSuite connectToDB" time="0.0">
    <ignored/>
  </testcase> <!-- @BeforeSuite connectToDB -->
  <testcase classname="com.hms.GenericUtilites.BaseClass" name="@BeforeSuite connectToDB" time="0.0">
    <ignored/>
  </testcase> <!-- @BeforeSuite connectToDB -->
  <testcase classname="com.hms.GenericUtilites.BaseClass" name="@BeforeSuite connectToDB" time="0.0">
    <ignored/>
  </testcase> <!-- @BeforeSuite connectToDB -->
</testsuite> <!-- Test -->
